2024-11-08T18:06:40.909Z 0: 

----------------------------------------------
2024-11-08T18:06:40.913Z 1: Discord starting: {"releaseChannel":"stable","version":"0.0.73"}, modulepath: /home/ethan/.config/discord/0.0.73/modules
2024-11-08T18:06:40.918Z 2: ✅ webContents.created web1 ""
2024-11-08T18:06:40.923Z 3: ✅ window.created win1 "discord"
2024-11-08T18:06:41.160Z 4: ✅ webContents.did-finish-load web1
2024-11-08T18:06:48.242Z 5: ✅ webContents.created web2 ""
2024-11-08T18:06:48.245Z 6: ✅ window.created win2 "Discord"
2024-11-08T18:06:51.071Z 7: ✅ webContents.did-finish-load web2
2024-11-08T18:06:51.172Z 8: window.close win1
2024-11-08T18:06:51.248Z 9: webContents.destroyed web1
2024-11-08T18:06:51.253Z 10: window.closed win1
2024-11-08T20:40:29.296Z 11: window.close win2
2024-11-09T14:54:59.784Z 0: 

----------------------------------------------
2024-11-09T14:54:59.793Z 1: Discord starting: {"releaseChannel":"stable","version":"0.0.73"}, modulepath: /home/ethan/.config/discord/0.0.73/modules
2024-11-09T14:54:59.797Z 2: ✅ webContents.created web1 ""
2024-11-09T14:54:59.799Z 3: ✅ window.created win1 "discord"
2024-11-09T14:55:00.116Z 4: ✅ webContents.did-finish-load web1
2024-11-09T14:55:00.559Z 5: ✅ webContents.created web2 ""
2024-11-09T14:55:00.563Z 6: ✅ window.created win2 "Discord"
2024-11-09T14:55:03.271Z 7: ✅ webContents.did-finish-load web2
2024-11-09T14:55:03.372Z 8: window.close win1
2024-11-09T14:55:03.399Z 9: webContents.destroyed web1
2024-11-09T14:55:03.401Z 10: window.closed win1
2024-11-10T13:23:40.611Z 0: 

----------------------------------------------
2024-11-10T13:23:40.620Z 1: Discord starting: {"releaseChannel":"stable","version":"0.0.73"}, modulepath: /home/ethan/.config/discord/0.0.73/modules
2024-11-10T13:23:40.624Z 2: ✅ webContents.created web1 ""
2024-11-10T13:23:40.626Z 3: ✅ window.created win1 "discord"
2024-11-10T13:23:40.962Z 4: ✅ webContents.did-finish-load web1
2024-11-10T13:23:41.255Z 5: ✅ webContents.created web2 ""
2024-11-10T13:23:41.259Z 6: ✅ window.created win2 "Discord"
2024-11-10T13:23:43.223Z 7: ✅ webContents.did-finish-load web2
2024-11-10T13:23:43.324Z 8: window.close win1
2024-11-10T13:23:43.328Z 9: webContents.destroyed web1
2024-11-10T13:23:43.330Z 10: window.closed win1
2024-11-10T13:30:18.862Z 0: 

----------------------------------------------
2024-11-10T13:39:07.184Z 11: window.close win2
2024-11-10T13:39:09.844Z 0: 

----------------------------------------------
2024-11-10T13:39:09.849Z 1: Discord starting: {"releaseChannel":"stable","version":"0.0.73"}, modulepath: /home/ethan/.config/discord/0.0.73/modules
2024-11-10T14:29:11.215Z 12: window.close win2
2024-11-10T14:29:15.509Z 0: 

----------------------------------------------
2024-11-10T14:29:15.515Z 1: Discord starting: {"releaseChannel":"stable","version":"0.0.73"}, modulepath: /home/ethan/.config/discord/0.0.73/modules
2024-11-10T14:33:09.031Z 13: window.close win2
2024-11-10T14:33:11.732Z 0: 

----------------------------------------------
2024-11-10T15:01:20.583Z 14: ✅ webContents.created web3 ""
2024-11-10T15:01:20.592Z 15: ✅ window.created win3 "Discord Popout"
2024-11-10T15:01:20.825Z 16: ✅ webContents.did-finish-load web3
2024-11-10T15:01:23.645Z 17: window.close win3
2024-11-10T15:01:23.654Z 18: webContents.destroyed web3
2024-11-10T15:01:23.656Z 19: window.closed win3
2024-11-10T15:18:36.762Z 20: ✅ webContents.created web4 ""
2024-11-10T15:18:36.773Z 21: ✅ window.created win4 "Discord Popout"
2024-11-10T15:18:36.991Z 22: ✅ webContents.did-finish-load web4
2024-11-10T15:18:39.205Z 23: window.close win4
2024-11-10T15:18:39.209Z 24: webContents.destroyed web4
2024-11-10T15:18:39.211Z 25: window.closed win4
2024-11-10T15:18:46.184Z 26: ✅ webContents.created web5 ""
2024-11-10T15:18:46.194Z 27: ✅ window.created win5 "Discord Popout"
2024-11-10T15:18:46.537Z 28: ✅ webContents.did-finish-load web5
2024-11-10T15:18:47.178Z 29: window.close win5
2024-11-10T15:18:47.189Z 30: webContents.destroyed web5
2024-11-10T15:18:47.192Z 31: window.closed win5
2024-11-10T16:08:15.861Z 0: 

----------------------------------------------
2024-11-10T16:08:15.869Z 1: Discord starting: {"releaseChannel":"stable","version":"0.0.73"}, modulepath: /home/ethan/.config/discord/0.0.73/modules
2024-11-10T16:08:15.871Z 2: ✅ webContents.created web1 ""
2024-11-10T16:08:15.873Z 3: ✅ window.created win1 "discord"
2024-11-10T16:08:16.085Z 4: ✅ webContents.did-finish-load web1
2024-11-10T16:08:16.421Z 5: ✅ webContents.created web2 ""
2024-11-10T16:08:16.426Z 6: ✅ window.created win2 "Discord"
2024-11-10T16:08:18.288Z 7: ✅ webContents.did-finish-load web2
2024-11-10T16:08:18.388Z 8: window.close win1
2024-11-10T16:08:18.393Z 9: webContents.destroyed web1
2024-11-10T16:08:18.395Z 10: window.closed win1
2024-11-11T12:22:03.920Z 0: 

----------------------------------------------
2024-11-11T12:22:03.931Z 1: Discord starting: {"releaseChannel":"stable","version":"0.0.73"}, modulepath: /home/ethan/.config/discord/0.0.73/modules
2024-11-11T12:22:03.934Z 2: ✅ webContents.created web1 ""
2024-11-11T12:22:03.935Z 3: ✅ window.created win1 "discord"
2024-11-11T12:22:04.237Z 4: ✅ webContents.did-finish-load web1
2024-11-11T12:22:04.683Z 5: ✅ webContents.created web2 ""
2024-11-11T12:22:04.687Z 6: ✅ window.created win2 "Discord"
2024-11-11T12:22:06.687Z 7: ✅ webContents.did-finish-load web2
2024-11-11T12:22:06.788Z 8: window.close win1
2024-11-11T12:22:06.793Z 9: webContents.destroyed web1
2024-11-11T12:22:06.794Z 10: window.closed win1
2024-11-11T12:48:42.277Z 11: ✅ webContents.created web3 ""
2024-11-11T12:48:42.295Z 12: ✅ window.created win3 "Discord Popout"
2024-11-11T12:48:42.515Z 13: ✅ webContents.did-finish-load web3
2024-11-11T12:48:45.219Z 14: window.close win3
2024-11-11T12:48:45.226Z 15: webContents.destroyed web3
2024-11-11T12:48:45.229Z 16: window.closed win3
2024-11-11T13:24:11.073Z 17: before-quit
2024-11-11T13:24:11.080Z 18: window.close win2
2024-11-11T13:24:11.093Z 19: ❌ child-process-gone {
  type: 'Utility',
  reason: 'killed',
  exitCode: 15,
  serviceName: 'audio.mojom.AudioService',
  name: 'Audio Service'
}
2024-11-11T13:24:11.095Z 20: ❌ child-process-gone {
  type: 'Utility',
  reason: 'killed',
  exitCode: 15,
  serviceName: 'network.mojom.NetworkService',
  name: 'Network Service'
}
2024-11-11T13:24:16.949Z 0: 

----------------------------------------------
2024-11-11T13:24:16.956Z 1: Discord starting: {"releaseChannel":"stable","version":"0.0.73"}, modulepath: /home/ethan/.config/discord/0.0.73/modules
2024-11-11T13:24:16.958Z 2: ✅ webContents.created web1 ""
2024-11-11T13:24:16.960Z 3: ✅ window.created win1 "discord"
2024-11-11T13:24:17.173Z 4: ✅ webContents.did-finish-load web1
2024-11-11T13:24:17.451Z 5: ✅ webContents.created web2 ""
2024-11-11T13:24:17.454Z 6: ✅ window.created win2 "Discord"
2024-11-11T13:24:19.397Z 7: ✅ webContents.did-finish-load web2
2024-11-11T13:24:19.497Z 8: window.close win1
2024-11-11T13:24:19.502Z 9: webContents.destroyed web1
2024-11-11T13:24:19.503Z 10: window.closed win1
2024-11-11T13:56:20.331Z 11: ✅ webContents.created web3 ""
2024-11-11T13:56:20.343Z 12: ✅ window.created win3 "Discord Popout"
2024-11-11T13:56:20.555Z 13: ✅ webContents.did-finish-load web3
2024-11-11T13:56:22.261Z 14: window.close win3
2024-11-11T13:56:22.265Z 15: webContents.destroyed web3
2024-11-11T13:56:22.267Z 16: window.closed win3
2024-11-11T15:02:51.719Z 0: 

----------------------------------------------
2024-11-11T15:02:51.724Z 1: Discord starting: {"releaseChannel":"stable","version":"0.0.73"}, modulepath: /home/ethan/.config/discord/0.0.73/modules
2024-11-11T16:42:19.405Z 17: window.close win2
2024-11-11T16:43:06.438Z 18: window.close win2
2024-11-11T18:01:05.342Z 19: before-quit
