00:00:00.244155 VirtualBox GUI VM Selector Window 7.1.4 r165100 linux.amd64 (Dec 25 2024 18:38:04) release log
00:00:00.244156 Log opened 2024-12-30T18:41:51.156596000Z
00:00:00.244157 Build Type: release
00:00:00.244158 OS Product: Linux
00:00:00.244158 OS Release: 6.12.7-arch1-1
00:00:00.244159 OS Version: #1 SMP PREEMPT_DYNAMIC Fri, 27 Dec 2024 14:24:37 +0000
00:00:00.244178 DMI Product Name: System Product Name
00:00:00.244186 DMI Product Version: System Version
00:00:00.244189 Firmware type: UEFI
00:00:00.244574 Secure Boot: Disabled
00:00:00.244611 Host RAM: 15821MB (15.4GB) total, 8098MB (7.9GB) available
00:00:00.244612 Executable: /usr/lib/virtualbox/VirtualBox
00:00:00.244612 Process ID: 77670
00:00:00.244613 Package type: LINUX_64BITS_GENERIC (OSE)
00:00:00.244632 Qt version: 6.8.1
00:00:00.245507 GUI: UIMediumEnumerator: Initial medium-enumeration finished!
00:00:00.262623 GUI: UIMediumEnumerator: Medium-enumeration started...
00:00:00.742374 GUI: UIMediumEnumerator: Medium-enumeration finished!
00:00:00.795721 GUI: UIDesktopWidgetWatchdog::sltHandleHostScreenAvailableGeometryCalculated: Screen 0 work area is actually resized to: 560x140 x 800x800
00:00:00.795749 GUI: UIDesktopWidgetWatchdog::sltHandleHostScreenAvailableGeometryCalculated: Screen 1 work area is actually resized to: 560x140 x 800x800
