00:00:00.000890 main     VirtualBox XPCOM Server 7.1.4 r165100 linux.amd64 (Dec 25 2024 18:38:04) release log
00:00:00.000892 main     Log opened 2024-12-30T18:41:51.012174000Z
00:00:00.000892 main     Build Type: release
00:00:00.000893 main     OS Product: Linux
00:00:00.000894 main     OS Release: 6.12.7-arch1-1
00:00:00.000894 main     OS Version: #1 SMP PREEMPT_DYNAMIC Fri, 27 Dec 2024 14:24:37 +0000
00:00:00.000917 main     DMI Product Name: System Product Name
00:00:00.000927 main     DMI Product Version: System Version
00:00:00.000931 main     Firmware type: UEFI
00:00:00.001209 main     Secure Boot: Disabled
00:00:00.001233 main     Host RAM: 15821MB (15.4GB) total, 8102MB (7.9GB) available
00:00:00.001235 main     Executable: /usr/lib/virtualbox/VBoxSVC
00:00:00.001235 main     Process ID: 77688
00:00:00.001235 main     Package type: LINUX_64BITS_GENERIC (OSE)
00:00:00.003030 main     IPC socket path: /tmp/.vbox-ethan-ipc/ipcd
00:00:00.020424 DCon01   VirtualBox: object creation starts
00:00:00.021082 DCon01   Home directory: '/home/ethan/.config/VirtualBox'
00:00:00.021623 DCon01   Loading settings file "/home/ethan/.config/VirtualBox/VirtualBox.xml" with version "1.12-linux"
00:00:00.033306 DCon01   HostDnsMonitor: initializing
00:00:00.033424 DCon01   NAT: resolv.conf: nameserver 192.168.0.1
00:00:00.033436 DCon01   HostDnsMonitor: updating information
00:00:00.033447 DCon01   HostDnsMonitor: old information
00:00:00.033448 DCon01     no server entries
00:00:00.033449 DCon01     no domain set
00:00:00.033451 DCon01     no search string entries
00:00:00.033452 DCon01   HostDnsMonitor: new information
00:00:00.033453 DCon01     server 1: 192.168.0.1
00:00:00.033455 DCon01     no domain set
00:00:00.033456 DCon01     no search string entries
00:00:00.035632 DCon01   VD: VDInit finished with VINF_SUCCESS
00:00:00.036276 DCon01   ERROR [COM]: aRC=NS_ERROR_FAILURE (0x80004005) aIID={925084b0-625f-422f-a67d-0ede1880a56c} aComponent={SystemPropertiesWrap} aText={Cannot determine default Guest Additions ISO location. Most likely they are not available}, preserve=false aResultDetail=0
00:00:00.037315 DCon01   VirtualBox: object created
00:00:00.645273 DCon03   WARNING [COM]: aRC=NS_ERROR_FAILURE (0x80004005) aIID={d5dcece0-b202-4416-a138-03502784cc07} aComponent={HostWrap} aText={VirtualBox is not currently allowed to access USB devices.  You can change this by adding your user to the 'vboxusers' group.  Please see the user manual for a more detailed explanation}, preserve=false aResultDetail=0
00:00:01.564177 DCon03   Saving settings file "/home/ethan/.config/VirtualBox/VirtualBox.xml" with version "1.12-linux"
00:00:01.569623 DCon03   Finished saving settings file "/home/ethan/.config/VirtualBox/VirtualBox.xml"
00:00:02.631201 DCon03   ERROR [COM]: aRC=NS_ERROR_FAILURE (0x80004005) aIID={925084b0-625f-422f-a67d-0ede1880a56c} aComponent={SystemPropertiesWrap} aText={Cannot determine default Guest Additions ISO location. Most likely they are not available}, preserve=false aResultDetail=0
00:00:03.537362 DCon02   Saving settings file "/home/ethan/.config/VirtualBox/VirtualBox.xml" with version "1.12-linux"
00:00:03.549184 DCon02   Finished saving settings file "/home/ethan/.config/VirtualBox/VirtualBox.xml"
